# JRE version: OpenJDK Runtime Environment (8.0_152-b06) (build 1.8.0_152-release-1136-b06)
# Java VM: OpenJDK 64-Bit Server VM (25.152-b06 mixed mode windows-amd64 compressed oops)
Heap:
 PSYoungGen      total 198656K, used 41937K [0x00000000e0000000, 0x00000000f3d00000, 0x0000000100000000)
  eden space 135168K, 31% used [0x00000000e0000000,0x00000000e28f4728,0x00000000e8400000)
  from space 63488K, 0% used [0x00000000e8400000,0x00000000e8400000,0x00000000ec200000)
  to   space 87040K, 0% used [0x00000000ee800000,0x00000000ee800000,0x00000000f3d00000)
 ParOldGen       total 235008K, used 131727K [0x00000000a0000000, 0x00000000ae580000, 0x00000000e0000000)
  object space 235008K, 56% used [0x00000000a0000000,0x00000000a80a3d60,0x00000000ae580000)
 Metaspace       used 111193K, capacity 117838K, committed 121216K, reserved 1155072K
  class space    used 13753K, capacity 15124K, committed 15744K, reserved 1048576K
GC Heap History (10 events):
Event: 15568.766 GC heap before
{Heap before GC invocations=92 (full 4):
 PSYoungGen      total 159744K, used 159730K [0x00000000e0000000, 0x00000000ed500000, 0x0000000100000000)
  eden space 125952K, 100% used [0x00000000e0000000,0x00000000e7b00000,0x00000000e7b00000)
  from space 33792K, 99% used [0x00000000e7b00000,0x00000000e9bfca00,0x00000000e9c00000)
  to   space 39936K, 0% used [0x00000000eae00000,0x00000000eae00000,0x00000000ed500000)
 ParOldGen       total 159744K, used 139080K [0x00000000a0000000, 0x00000000a9c00000, 0x00000000e0000000)
  object space 159744K, 87% used [0x00000000a0000000,0x00000000a87d2228,0x00000000a9c00000)
 Metaspace       used 113163K, capacity 120958K, committed 121216K, reserved 1155072K
  class space    used 14145K, capacity 15733K, committed 15744K, reserved 1048576K
Event: 15568.897 GC heap after
Heap after GC invocations=92 (full 4):
 PSYoungGen      total 167936K, used 39934K [0x00000000e0000000, 0x00000000ee800000, 0x0000000100000000)
  eden space 128000K, 0% used [0x00000000e0000000,0x00000000e0000000,0x00000000e7d00000)
  from space 39936K, 99% used [0x00000000eae00000,0x00000000ed4ff8d8,0x00000000ed500000)
  to   space 50176K, 0% used [0x00000000e7d00000,0x00000000e7d00000,0x00000000eae00000)
 ParOldGen       total 159744K, used 149878K [0x00000000a0000000, 0x00000000a9c00000, 0x00000000e0000000)
  object space 159744K, 93% used [0x00000000a0000000,0x00000000a925d8b8,0x00000000a9c00000)
 Metaspace       used 113163K, capacity 120958K, committed 121216K, reserved 1155072K
  class space    used 14145K, capacity 15733K, committed 15744K, reserved 1048576K
}
Event: 15576.712 GC heap before
{Heap before GC invocations=93 (full 4):
 PSYoungGen      total 167936K, used 167701K [0x00000000e0000000, 0x00000000ee800000, 0x0000000100000000)
  eden space 128000K, 99% used [0x00000000e0000000,0x00000000e7cc5d28,0x00000000e7d00000)
  from space 39936K, 99% used [0x00000000eae00000,0x00000000ed4ff8d8,0x00000000ed500000)
  to   space 50176K, 0% used [0x00000000e7d00000,0x00000000e7d00000,0x00000000eae00000)
 ParOldGen       total 159744K, used 149878K [0x00000000a0000000, 0x00000000a9c00000, 0x00000000e0000000)
  object space 159744K, 93% used [0x00000000a0000000,0x00000000a925d8b8,0x00000000a9c00000)
 Metaspace       used 113224K, capacity 121022K, committed 121216K, reserved 1155072K
  class space    used 14145K, capacity 15733K, committed 15744K, reserved 1048576K
Event: 15576.971 GC heap after
Heap after GC invocations=93 (full 4):
 PSYoungGen      total 178176K, used 50173K [0x00000000e0000000, 0x00000000efb00000, 0x0000000100000000)
  eden space 128000K, 0% used [0x00000000e0000000,0x00000000e0000000,0x00000000e7d00000)
  from space 50176K, 99% used [0x00000000e7d00000,0x00000000eadff650,0x00000000eae00000)
  to   space 58368K, 0% used [0x00000000ec200000,0x00000000ec200000,0x00000000efb00000)
 ParOldGen       total 159744K, used 150036K [0x00000000a0000000, 0x00000000a9c00000, 0x00000000e0000000)
  object space 159744K, 93% used [0x00000000a0000000,0x00000000a92852a0,0x00000000a9c00000)
 Metaspace       used 113224K, capacity 121022K, committed 121216K, reserved 1155072K
  class space    used 14145K, capacity 15733K, committed 15744K, reserved 1048576K
}
Event: 15581.015 GC heap before
{Heap before GC invocations=94 (full 4):
 PSYoungGen      total 178176K, used 178173K [0x00000000e0000000, 0x00000000efb00000, 0x0000000100000000)
  eden space 128000K, 100% used [0x00000000e0000000,0x00000000e7d00000,0x00000000e7d00000)
  from space 50176K, 99% used [0x00000000e7d00000,0x00000000eadff650,0x00000000eae00000)
  to   space 58368K, 0% used [0x00000000ec200000,0x00000000ec200000,0x00000000efb00000)
 ParOldGen       total 159744K, used 150036K [0x00000000a0000000, 0x00000000a9c00000, 0x00000000e0000000)
  object space 159744K, 93% used [0x00000000a0000000,0x00000000a92852a0,0x00000000a9c00000)
 Metaspace       used 113254K, capacity 121022K, committed 121216K, reserved 1155072K
  class space    used 14146K, capacity 15733K, committed 15744K, reserved 1048576K
Event: 15581.124 GC heap after
Heap after GC invocations=94 (full 4):
 PSYoungGen      total 193536K, used 47317K [0x00000000e0000000, 0x00000000f0580000, 0x0000000100000000)
  eden space 135168K, 0% used [0x00000000e0000000,0x00000000e0000000,0x00000000e8400000)
  from space 58368K, 81% used [0x00000000ec200000,0x00000000ef035430,0x00000000efb00000)
  to   space 63488K, 0% used [0x00000000e8400000,0x00000000e8400000,0x00000000ec200000)
 ParOldGen       total 159744K, used 150320K [0x00000000a0000000, 0x00000000a9c00000, 0x00000000e0000000)
  object space 159744K, 94% used [0x00000000a0000000,0x00000000a92cc2b0,0x00000000a9c00000)
 Metaspace       used 113254K, capacity 121022K, committed 121216K, reserved 1155072K
  class space    used 14146K, capacity 15733K, committed 15744K, reserved 1048576K
}
Event: 15584.293 GC heap before
{Heap before GC invocations=95 (full 4):
 PSYoungGen      total 193536K, used 182485K [0x00000000e0000000, 0x00000000f0580000, 0x0000000100000000)
  eden space 135168K, 100% used [0x00000000e0000000,0x00000000e8400000,0x00000000e8400000)
  from space 58368K, 81% used [0x00000000ec200000,0x00000000ef035430,0x00000000efb00000)
  to   space 63488K, 0% used [0x00000000e8400000,0x00000000e8400000,0x00000000ec200000)
 ParOldGen       total 159744K, used 150320K [0x00000000a0000000, 0x00000000a9c00000, 0x00000000e0000000)
  object space 159744K, 94% used [0x00000000a0000000,0x00000000a92cc2b0,0x00000000a9c00000)
 Metaspace       used 113320K, capacity 121104K, committed 121216K, reserved 1155072K
  class space    used 14157K, capacity 15738K, committed 15744K, reserved 1048576K
Event: 15584.474 GC heap after
Heap after GC invocations=95 (full 4):
 PSYoungGen      total 198656K, used 63476K [0x00000000e0000000, 0x00000000f3d00000, 0x0000000100000000)
  eden space 135168K, 0% used [0x00000000e0000000,0x00000000e0000000,0x00000000e8400000)
  from space 63488K, 99% used [0x00000000e8400000,0x00000000ec1fd0b0,0x00000000ec200000)
  to   space 87040K, 0% used [0x00000000ee800000,0x00000000ee800000,0x00000000f3d00000)
 ParOldGen       total 186880K, used 186736K [0x00000000a0000000, 0x00000000ab680000, 0x00000000e0000000)
  object space 186880K, 99% used [0x00000000a0000000,0x00000000ab65c200,0x00000000ab680000)
 Metaspace       used 113320K, capacity 121104K, committed 121216K, reserved 1155072K
  class space    used 14157K, capacity 15738K, committed 15744K, reserved 1048576K
}
Event: 15584.476 GC heap before
{Heap before GC invocations=96 (full 5):
 PSYoungGen      total 198656K, used 63476K [0x00000000e0000000, 0x00000000f3d00000, 0x0000000100000000)
  eden space 135168K, 0% used [0x00000000e0000000,0x00000000e0000000,0x00000000e8400000)
  from space 63488K, 99% used [0x00000000e8400000,0x00000000ec1fd0b0,0x00000000ec200000)
  to   space 87040K, 0% used [0x00000000ee800000,0x00000000ee800000,0x00000000f3d00000)
 ParOldGen       total 186880K, used 186736K [0x00000000a0000000, 0x00000000ab680000, 0x00000000e0000000)
  object space 186880K, 99% used [0x00000000a0000000,0x00000000ab65c200,0x00000000ab680000)
 Metaspace       used 113320K, capacity 121104K, committed 121216K, reserved 1155072K
  class space    used 14157K, capacity 15738K, committed 15744K, reserved 1048576K
Event: 15590.437 GC heap after
Heap after GC invocations=96 (full 5):
 PSYoungGen      total 198656K, used 0K [0x00000000e0000000, 0x00000000f3d00000, 0x0000000100000000)
  eden space 135168K, 0% used [0x00000000e0000000,0x00000000e0000000,0x00000000e8400000)
  from space 63488K, 0% used [0x00000000e8400000,0x00000000e8400000,0x00000000ec200000)
  to   space 87040K, 0% used [0x00000000ee800000,0x00000000ee800000,0x00000000f3d00000)
 ParOldGen       total 235008K, used 131727K [0x00000000a0000000, 0x00000000ae580000, 0x00000000e0000000)
  object space 235008K, 56% used [0x00000000a0000000,0x00000000a80a3d60,0x00000000ae580000)
 Metaspace       used 111031K, capacity 117672K, committed 121216K, reserved 1155072K
  class space    used 13747K, capacity 15091K, committed 15744K, reserved 1048576K
}

