# JRE version: OpenJDK Runtime Environment (8.0_152-b06) (build 1.8.0_152-release-1136-b06)
# Java VM: OpenJDK 64-Bit Server VM (25.152-b06 mixed mode windows-amd64 compressed oops)
Heap:
 PSYoungGen      total 137216K, used 9371K [0x00000000e0000000, 0x00000000eb100000, 0x0000000100000000)
  eden space 123904K, 7% used [0x00000000e0000000,0x00000000e0926c30,0x00000000e7900000)
  from space 13312K, 0% used [0x00000000e7900000,0x00000000e7900000,0x00000000e8600000)
  to   space 14848K, 0% used [0x00000000ea280000,0x00000000ea280000,0x00000000eb100000)
 ParOldGen       total 92160K, used 32844K [0x00000000a0000000, 0x00000000a5a00000, 0x00000000e0000000)
  object space 92160K, 35% used [0x00000000a0000000,0x00000000a20132d0,0x00000000a5a00000)
 Metaspace       used 51416K, capacity 52834K, committed 52992K, reserved 1095680K
  class space    used 6950K, capacity 7358K, committed 7424K, reserved 1048576K
GC Heap History (10 events):
Event: 14.393 GC heap before
{Heap before GC invocations=10 (full 1):
 PSYoungGen      total 111616K, used 106739K [0x00000000e0000000, 0x00000000e8d00000, 0x0000000100000000)
  eden space 104448K, 95% used [0x00000000e0000000,0x00000000e61b1a10,0x00000000e6600000)
  from space 7168K, 93% used [0x00000000e8600000,0x00000000e8c8b370,0x00000000e8d00000)
  to   space 8704K, 0% used [0x00000000e7c00000,0x00000000e7c00000,0x00000000e8480000)
 ParOldGen       total 36864K, used 10805K [0x00000000a0000000, 0x00000000a2400000, 0x00000000e0000000)
  object space 36864K, 29% used [0x00000000a0000000,0x00000000a0a8d430,0x00000000a2400000)
 Metaspace       used 34698K, capacity 35278K, committed 35416K, reserved 1079296K
  class space    used 4786K, capacity 5009K, committed 5120K, reserved 1048576K
Event: 14.456 GC heap after
Heap after GC invocations=10 (full 1):
 PSYoungGen      total 113152K, used 8674K [0x00000000e0000000, 0x00000000e8d00000, 0x0000000100000000)
  eden space 104448K, 0% used [0x00000000e0000000,0x00000000e0000000,0x00000000e6600000)
  from space 8704K, 99% used [0x00000000e7c00000,0x00000000e84788f0,0x00000000e8480000)
  to   space 7168K, 0% used [0x00000000e8600000,0x00000000e8600000,0x00000000e8d00000)
 ParOldGen       total 36864K, used 15177K [0x00000000a0000000, 0x00000000a2400000, 0x00000000e0000000)
  object space 36864K, 41% used [0x00000000a0000000,0x00000000a0ed2768,0x00000000a2400000)
 Metaspace       used 34698K, capacity 35278K, committed 35416K, reserved 1079296K
  class space    used 4786K, capacity 5009K, committed 5120K, reserved 1048576K
}
Event: 14.456 GC heap before
{Heap before GC invocations=11 (full 2):
 PSYoungGen      total 113152K, used 8674K [0x00000000e0000000, 0x00000000e8d00000, 0x0000000100000000)
  eden space 104448K, 0% used [0x00000000e0000000,0x00000000e0000000,0x00000000e6600000)
  from space 8704K, 99% used [0x00000000e7c00000,0x00000000e84788f0,0x00000000e8480000)
  to   space 7168K, 0% used [0x00000000e8600000,0x00000000e8600000,0x00000000e8d00000)
 ParOldGen       total 36864K, used 15177K [0x00000000a0000000, 0x00000000a2400000, 0x00000000e0000000)
  object space 36864K, 41% used [0x00000000a0000000,0x00000000a0ed2768,0x00000000a2400000)
 Metaspace       used 34698K, capacity 35278K, committed 35416K, reserved 1079296K
  class space    used 4786K, capacity 5009K, committed 5120K, reserved 1048576K
Event: 14.668 GC heap after
Heap after GC invocations=11 (full 2):
 PSYoungGen      total 113152K, used 0K [0x00000000e0000000, 0x00000000e8d00000, 0x0000000100000000)
  eden space 104448K, 0% used [0x00000000e0000000,0x00000000e0000000,0x00000000e6600000)
  from space 8704K, 0% used [0x00000000e7c00000,0x00000000e7c00000,0x00000000e8480000)
  to   space 7168K, 0% used [0x00000000e8600000,0x00000000e8600000,0x00000000e8d00000)
 ParOldGen       total 36864K, used 19521K [0x00000000a0000000, 0x00000000a2400000, 0x00000000e0000000)
  object space 36864K, 52% used [0x00000000a0000000,0x00000000a13105a0,0x00000000a2400000)
 Metaspace       used 34698K, capacity 35278K, committed 35416K, reserved 1079296K
  class space    used 4786K, capacity 5009K, committed 5120K, reserved 1048576K
}
Event: 16.670 GC heap before
{Heap before GC invocations=12 (full 2):
 PSYoungGen      total 113152K, used 104448K [0x00000000e0000000, 0x00000000e8d00000, 0x0000000100000000)
  eden space 104448K, 100% used [0x00000000e0000000,0x00000000e6600000,0x00000000e6600000)
  from space 8704K, 0% used [0x00000000e7c00000,0x00000000e7c00000,0x00000000e8480000)
  to   space 7168K, 0% used [0x00000000e8600000,0x00000000e8600000,0x00000000e8d00000)
 ParOldGen       total 36864K, used 19521K [0x00000000a0000000, 0x00000000a2400000, 0x00000000e0000000)
  object space 36864K, 52% used [0x00000000a0000000,0x00000000a13105a0,0x00000000a2400000)
 Metaspace       used 41275K, capacity 41994K, committed 42240K, reserved 1085440K
  class space    used 5554K, capacity 5807K, committed 5888K, reserved 1048576K
Event: 16.690 GC heap after
Heap after GC invocations=12 (full 2):
 PSYoungGen      total 131072K, used 7156K [0x00000000e0000000, 0x00000000e9700000, 0x0000000100000000)
  eden space 123904K, 0% used [0x00000000e0000000,0x00000000e0000000,0x00000000e7900000)
  from space 7168K, 99% used [0x00000000e8600000,0x00000000e8cfd2e0,0x00000000e8d00000)
  to   space 13312K, 0% used [0x00000000e7900000,0x00000000e7900000,0x00000000e8600000)
 ParOldGen       total 36864K, used 24600K [0x00000000a0000000, 0x00000000a2400000, 0x00000000e0000000)
  object space 36864K, 66% used [0x00000000a0000000,0x00000000a1806270,0x00000000a2400000)
 Metaspace       used 41275K, capacity 41994K, committed 42240K, reserved 1085440K
  class space    used 5554K, capacity 5807K, committed 5888K, reserved 1048576K
}
Event: 19.142 GC heap before
{Heap before GC invocations=13 (full 2):
 PSYoungGen      total 131072K, used 131060K [0x00000000e0000000, 0x00000000e9700000, 0x0000000100000000)
  eden space 123904K, 100% used [0x00000000e0000000,0x00000000e7900000,0x00000000e7900000)
  from space 7168K, 99% used [0x00000000e8600000,0x00000000e8cfd2e0,0x00000000e8d00000)
  to   space 13312K, 0% used [0x00000000e7900000,0x00000000e7900000,0x00000000e8600000)
 ParOldGen       total 36864K, used 24600K [0x00000000a0000000, 0x00000000a2400000, 0x00000000e0000000)
  object space 36864K, 66% used [0x00000000a0000000,0x00000000a1806270,0x00000000a2400000)
 Metaspace       used 50656K, capacity 51954K, committed 52096K, reserved 1093632K
  class space    used 6819K, capacity 7180K, committed 7296K, reserved 1048576K
Event: 19.177 GC heap after
Heap after GC invocations=13 (full 2):
 PSYoungGen      total 137216K, used 12112K [0x00000000e0000000, 0x00000000eb100000, 0x0000000100000000)
  eden space 123904K, 0% used [0x00000000e0000000,0x00000000e0000000,0x00000000e7900000)
  from space 13312K, 90% used [0x00000000e7900000,0x00000000e84d4018,0x00000000e8600000)
  to   space 14848K, 0% used [0x00000000ea280000,0x00000000ea280000,0x00000000eb100000)
 ParOldGen       total 36864K, used 31844K [0x00000000a0000000, 0x00000000a2400000, 0x00000000e0000000)
  object space 36864K, 86% used [0x00000000a0000000,0x00000000a1f19198,0x00000000a2400000)
 Metaspace       used 50656K, capacity 51954K, committed 52096K, reserved 1093632K
  class space    used 6819K, capacity 7180K, committed 7296K, reserved 1048576K
}
Event: 19.177 GC heap before
{Heap before GC invocations=14 (full 3):
 PSYoungGen      total 137216K, used 12112K [0x00000000e0000000, 0x00000000eb100000, 0x0000000100000000)
  eden space 123904K, 0% used [0x00000000e0000000,0x00000000e0000000,0x00000000e7900000)
  from space 13312K, 90% used [0x00000000e7900000,0x00000000e84d4018,0x00000000e8600000)
  to   space 14848K, 0% used [0x00000000ea280000,0x00000000ea280000,0x00000000eb100000)
 ParOldGen       total 36864K, used 31844K [0x00000000a0000000, 0x00000000a2400000, 0x00000000e0000000)
  object space 36864K, 86% used [0x00000000a0000000,0x00000000a1f19198,0x00000000a2400000)
 Metaspace       used 50656K, capacity 51954K, committed 52096K, reserved 1093632K
  class space    used 6819K, capacity 7180K, committed 7296K, reserved 1048576K
Event: 19.373 GC heap after
Heap after GC invocations=14 (full 3):
 PSYoungGen      total 137216K, used 0K [0x00000000e0000000, 0x00000000eb100000, 0x0000000100000000)
  eden space 123904K, 0% used [0x00000000e0000000,0x00000000e0000000,0x00000000e7900000)
  from space 13312K, 0% used [0x00000000e7900000,0x00000000e7900000,0x00000000e8600000)
  to   space 14848K, 0% used [0x00000000ea280000,0x00000000ea280000,0x00000000eb100000)
 ParOldGen       total 92160K, used 32844K [0x00000000a0000000, 0x00000000a5a00000, 0x00000000e0000000)
  object space 92160K, 35% used [0x00000000a0000000,0x00000000a20132d0,0x00000000a5a00000)
 Metaspace       used 50656K, capacity 51954K, committed 52096K, reserved 1093632K
  class space    used 6819K, capacity 7180K, committed 7296K, reserved 1048576K
}

