# JRE version: OpenJDK Runtime Environment (8.0_152-b06) (build 1.8.0_152-release-1136-b06)
# Java VM: OpenJDK 64-Bit Server VM (25.152-b06 mixed mode windows-amd64 compressed oops)
Heap:
 PSYoungGen      total 99328K, used 54662K [0x00000000e0000000, 0x00000000e6b80000, 0x0000000100000000)
  eden space 90112K, 60% used [0x00000000e0000000,0x00000000e3561bc8,0x00000000e5800000)
  from space 9216K, 0% used [0x00000000e5800000,0x00000000e5800000,0x00000000e6100000)
  to   space 7680K, 0% used [0x00000000e6100000,0x00000000e6100000,0x00000000e6880000)
 ParOldGen       total 32256K, used 16370K [0x00000000a0000000, 0x00000000a1f80000, 0x00000000e0000000)
  object space 32256K, 50% used [0x00000000a0000000,0x00000000a0ffc830,0x00000000a1f80000)
 Metaspace       used 37413K, capacity 38148K, committed 38528K, reserved 1083392K
  class space    used 5137K, capacity 5396K, committed 5504K, reserved 1048576K
GC Heap History (10 events):
Event: 8.713 GC heap before
{Heap before GC invocations=9 (full 1):
 PSYoungGen      total 71680K, used 5031K [0x00000000e0000000, 0x00000000e4d00000, 0x0000000100000000)
  eden space 64512K, 0% used [0x00000000e0000000,0x00000000e0000000,0x00000000e3f00000)
  from space 7168K, 70% used [0x00000000e4600000,0x00000000e4ae9c18,0x00000000e4d00000)
  to   space 7168K, 0% used [0x00000000e3f00000,0x00000000e3f00000,0x00000000e4600000)
 ParOldGen       total 44032K, used 7119K [0x00000000a0000000, 0x00000000a2b00000, 0x00000000e0000000)
  object space 44032K, 16% used [0x00000000a0000000,0x00000000a06f3d40,0x00000000a2b00000)
 Metaspace       used 20804K, capacity 21244K, committed 21248K, reserved 1067008K
  class space    used 2916K, capacity 3072K, committed 3072K, reserved 1048576K
Event: 8.779 GC heap after
Heap after GC invocations=9 (full 1):
 PSYoungGen      total 71680K, used 0K [0x00000000e0000000, 0x00000000e4d00000, 0x0000000100000000)
  eden space 64512K, 0% used [0x00000000e0000000,0x00000000e0000000,0x00000000e3f00000)
  from space 7168K, 0% used [0x00000000e4600000,0x00000000e4600000,0x00000000e4d00000)
  to   space 7168K, 0% used [0x00000000e3f00000,0x00000000e3f00000,0x00000000e4600000)
 ParOldGen       total 32256K, used 8099K [0x00000000a0000000, 0x00000000a1f80000, 0x00000000e0000000)
  object space 32256K, 25% used [0x00000000a0000000,0x00000000a07e8da8,0x00000000a1f80000)
 Metaspace       used 20804K, capacity 21244K, committed 21248K, reserved 1067008K
  class space    used 2916K, capacity 3072K, committed 3072K, reserved 1048576K
}
Event: 10.465 GC heap before
{Heap before GC invocations=10 (full 1):
 PSYoungGen      total 71680K, used 64512K [0x00000000e0000000, 0x00000000e4d00000, 0x0000000100000000)
  eden space 64512K, 100% used [0x00000000e0000000,0x00000000e3f00000,0x00000000e3f00000)
  from space 7168K, 0% used [0x00000000e4600000,0x00000000e4600000,0x00000000e4d00000)
  to   space 7168K, 0% used [0x00000000e3f00000,0x00000000e3f00000,0x00000000e4600000)
 ParOldGen       total 32256K, used 8099K [0x00000000a0000000, 0x00000000a1f80000, 0x00000000e0000000)
  object space 32256K, 25% used [0x00000000a0000000,0x00000000a07e8da8,0x00000000a1f80000)
 Metaspace       used 26541K, capacity 26966K, committed 27136K, reserved 1073152K
  class space    used 3637K, capacity 3797K, committed 3840K, reserved 1048576K
Event: 10.487 GC heap after
Heap after GC invocations=10 (full 1):
 PSYoungGen      total 71680K, used 6899K [0x00000000e0000000, 0x00000000e6880000, 0x0000000100000000)
  eden space 64512K, 0% used [0x00000000e0000000,0x00000000e0000000,0x00000000e3f00000)
  from space 7168K, 96% used [0x00000000e3f00000,0x00000000e45bcf60,0x00000000e4600000)
  to   space 7680K, 0% used [0x00000000e6100000,0x00000000e6100000,0x00000000e6880000)
 ParOldGen       total 32256K, used 8107K [0x00000000a0000000, 0x00000000a1f80000, 0x00000000e0000000)
  object space 32256K, 25% used [0x00000000a0000000,0x00000000a07eada8,0x00000000a1f80000)
 Metaspace       used 26541K, capacity 26966K, committed 27136K, reserved 1073152K
  class space    used 3637K, capacity 3797K, committed 3840K, reserved 1048576K
}
Event: 12.555 GC heap before
{Heap before GC invocations=11 (full 1):
 PSYoungGen      total 71680K, used 71411K [0x00000000e0000000, 0x00000000e6880000, 0x0000000100000000)
  eden space 64512K, 100% used [0x00000000e0000000,0x00000000e3f00000,0x00000000e3f00000)
  from space 7168K, 96% used [0x00000000e3f00000,0x00000000e45bcf60,0x00000000e4600000)
  to   space 7680K, 0% used [0x00000000e6100000,0x00000000e6100000,0x00000000e6880000)
 ParOldGen       total 32256K, used 8107K [0x00000000a0000000, 0x00000000a1f80000, 0x00000000e0000000)
  object space 32256K, 25% used [0x00000000a0000000,0x00000000a07eada8,0x00000000a1f80000)
 Metaspace       used 29826K, capacity 30264K, committed 30464K, reserved 1075200K
  class space    used 4165K, capacity 4319K, committed 4352K, reserved 1048576K
Event: 12.588 GC heap after
Heap after GC invocations=11 (full 1):
 PSYoungGen      total 97792K, used 7677K [0x00000000e0000000, 0x00000000e6b80000, 0x0000000100000000)
  eden space 90112K, 0% used [0x00000000e0000000,0x00000000e0000000,0x00000000e5800000)
  from space 7680K, 99% used [0x00000000e6100000,0x00000000e687f6f0,0x00000000e6880000)
  to   space 9216K, 0% used [0x00000000e5800000,0x00000000e5800000,0x00000000e6100000)
 ParOldGen       total 32256K, used 9094K [0x00000000a0000000, 0x00000000a1f80000, 0x00000000e0000000)
  object space 32256K, 28% used [0x00000000a0000000,0x00000000a08e1a60,0x00000000a1f80000)
 Metaspace       used 29826K, capacity 30264K, committed 30464K, reserved 1075200K
  class space    used 4165K, capacity 4319K, committed 4352K, reserved 1048576K
}
Event: 13.523 GC heap before
{Heap before GC invocations=12 (full 1):
 PSYoungGen      total 97792K, used 42141K [0x00000000e0000000, 0x00000000e6b80000, 0x0000000100000000)
  eden space 90112K, 38% used [0x00000000e0000000,0x00000000e21a7fc8,0x00000000e5800000)
  from space 7680K, 99% used [0x00000000e6100000,0x00000000e687f6f0,0x00000000e6880000)
  to   space 9216K, 0% used [0x00000000e5800000,0x00000000e5800000,0x00000000e6100000)
 ParOldGen       total 32256K, used 9094K [0x00000000a0000000, 0x00000000a1f80000, 0x00000000e0000000)
  object space 32256K, 28% used [0x00000000a0000000,0x00000000a08e1a60,0x00000000a1f80000)
 Metaspace       used 34713K, capacity 35330K, committed 35416K, reserved 1079296K
  class space    used 4808K, capacity 5053K, committed 5120K, reserved 1048576K
Event: 13.556 GC heap after
Heap after GC invocations=12 (full 1):
 PSYoungGen      total 99328K, used 4501K [0x00000000e0000000, 0x00000000e6b80000, 0x0000000100000000)
  eden space 90112K, 0% used [0x00000000e0000000,0x00000000e0000000,0x00000000e5800000)
  from space 9216K, 48% used [0x00000000e5800000,0x00000000e5c65508,0x00000000e6100000)
  to   space 7680K, 0% used [0x00000000e6100000,0x00000000e6100000,0x00000000e6880000)
 ParOldGen       total 32256K, used 14484K [0x00000000a0000000, 0x00000000a1f80000, 0x00000000e0000000)
  object space 32256K, 44% used [0x00000000a0000000,0x00000000a0e25150,0x00000000a1f80000)
 Metaspace       used 34713K, capacity 35330K, committed 35416K, reserved 1079296K
  class space    used 4808K, capacity 5053K, committed 5120K, reserved 1048576K
}
Event: 13.556 GC heap before
{Heap before GC invocations=13 (full 2):
 PSYoungGen      total 99328K, used 4501K [0x00000000e0000000, 0x00000000e6b80000, 0x0000000100000000)
  eden space 90112K, 0% used [0x00000000e0000000,0x00000000e0000000,0x00000000e5800000)
  from space 9216K, 48% used [0x00000000e5800000,0x00000000e5c65508,0x00000000e6100000)
  to   space 7680K, 0% used [0x00000000e6100000,0x00000000e6100000,0x00000000e6880000)
 ParOldGen       total 32256K, used 14484K [0x00000000a0000000, 0x00000000a1f80000, 0x00000000e0000000)
  object space 32256K, 44% used [0x00000000a0000000,0x00000000a0e25150,0x00000000a1f80000)
 Metaspace       used 34713K, capacity 35330K, committed 35416K, reserved 1079296K
  class space    used 4808K, capacity 5053K, committed 5120K, reserved 1048576K
Event: 13.655 GC heap after
Heap after GC invocations=13 (full 2):
 PSYoungGen      total 99328K, used 0K [0x00000000e0000000, 0x00000000e6b80000, 0x0000000100000000)
  eden space 90112K, 0% used [0x00000000e0000000,0x00000000e0000000,0x00000000e5800000)
  from space 9216K, 0% used [0x00000000e5800000,0x00000000e5800000,0x00000000e6100000)
  to   space 7680K, 0% used [0x00000000e6100000,0x00000000e6100000,0x00000000e6880000)
 ParOldGen       total 32256K, used 16370K [0x00000000a0000000, 0x00000000a1f80000, 0x00000000e0000000)
  object space 32256K, 50% used [0x00000000a0000000,0x00000000a0ffc830,0x00000000a1f80000)
 Metaspace       used 34713K, capacity 35330K, committed 35416K, reserved 1079296K
  class space    used 4808K, capacity 5053K, committed 5120K, reserved 1048576K
}

