# JRE version: OpenJDK Runtime Environment (8.0_152-b06) (build 1.8.0_152-release-1136-b06)
# Java VM: OpenJDK 64-Bit Server VM (25.152-b06 mixed mode windows-amd64 compressed oops)
Heap:
 PSYoungGen      total 367616K, used 110885K [0x00000000e0000000, 0x00000000fe600000, 0x0000000100000000)
  eden space 271872K, 40% used [0x00000000e0000000,0x00000000e6c496b0,0x00000000f0980000)
  from space 95744K, 0% used [0x00000000f0980000,0x00000000f0980000,0x00000000f6700000)
  to   space 78336K, 0% used [0x00000000f6700000,0x00000000f6700000,0x00000000fb380000)
 ParOldGen       total 230912K, used 211642K [0x00000000a0000000, 0x00000000ae180000, 0x00000000e0000000)
  object space 230912K, 91% used [0x00000000a0000000,0x00000000aceaeb58,0x00000000ae180000)
 Metaspace       used 86680K, capacity 89884K, committed 90112K, reserved 1128448K
  class space    used 10959K, capacity 11738K, committed 11776K, reserved 1048576K
GC Heap History (10 events):
Event: 421.649 GC heap before
{Heap before GC invocations=27 (full 4):
 PSYoungGen      total 284160K, used 284147K [0x00000000e0000000, 0x00000000f6f80000, 0x0000000100000000)
  eden space 244224K, 100% used [0x00000000e0000000,0x00000000eee80000,0x00000000eee80000)
  from space 39936K, 99% used [0x00000000f2580000,0x00000000f4c7cd90,0x00000000f4c80000)
  to   space 56320K, 0% used [0x00000000eee80000,0x00000000eee80000,0x00000000f2580000)
 ParOldGen       total 161792K, used 113916K [0x00000000a0000000, 0x00000000a9e00000, 0x00000000e0000000)
  object space 161792K, 70% used [0x00000000a0000000,0x00000000a6f3f180,0x00000000a9e00000)
 Metaspace       used 85130K, capacity 88230K, committed 88448K, reserved 1126400K
  class space    used 10812K, capacity 11583K, committed 11648K, reserved 1048576K
Event: 421.909 GC heap after
Heap after GC invocations=27 (full 4):
 PSYoungGen      total 300544K, used 56301K [0x00000000e0000000, 0x00000000fb380000, 0x0000000100000000)
  eden space 244224K, 0% used [0x00000000e0000000,0x00000000e0000000,0x00000000eee80000)
  from space 56320K, 99% used [0x00000000eee80000,0x00000000f257b498,0x00000000f2580000)
  to   space 78336K, 0% used [0x00000000f6700000,0x00000000f6700000,0x00000000fb380000)
 ParOldGen       total 161792K, used 148840K [0x00000000a0000000, 0x00000000a9e00000, 0x00000000e0000000)
  object space 161792K, 91% used [0x00000000a0000000,0x00000000a915a3f0,0x00000000a9e00000)
 Metaspace       used 85130K, capacity 88230K, committed 88448K, reserved 1126400K
  class space    used 10812K, capacity 11583K, committed 11648K, reserved 1048576K
}
Event: 421.909 GC heap before
{Heap before GC invocations=28 (full 5):
 PSYoungGen      total 300544K, used 56301K [0x00000000e0000000, 0x00000000fb380000, 0x0000000100000000)
  eden space 244224K, 0% used [0x00000000e0000000,0x00000000e0000000,0x00000000eee80000)
  from space 56320K, 99% used [0x00000000eee80000,0x00000000f257b498,0x00000000f2580000)
  to   space 78336K, 0% used [0x00000000f6700000,0x00000000f6700000,0x00000000fb380000)
 ParOldGen       total 161792K, used 148840K [0x00000000a0000000, 0x00000000a9e00000, 0x00000000e0000000)
  object space 161792K, 91% used [0x00000000a0000000,0x00000000a915a3f0,0x00000000a9e00000)
 Metaspace       used 85130K, capacity 88230K, committed 88448K, reserved 1126400K
  class space    used 10812K, capacity 11583K, committed 11648K, reserved 1048576K
Event: 423.340 GC heap after
Heap after GC invocations=28 (full 5):
 PSYoungGen      total 300544K, used 0K [0x00000000e0000000, 0x00000000fb380000, 0x0000000100000000)
  eden space 244224K, 0% used [0x00000000e0000000,0x00000000e0000000,0x00000000eee80000)
  from space 56320K, 0% used [0x00000000eee80000,0x00000000eee80000,0x00000000f2580000)
  to   space 78336K, 0% used [0x00000000f6700000,0x00000000f6700000,0x00000000fb380000)
 ParOldGen       total 230912K, used 129518K [0x00000000a0000000, 0x00000000ae180000, 0x00000000e0000000)
  object space 230912K, 56% used [0x00000000a0000000,0x00000000a7e7ba90,0x00000000ae180000)
 Metaspace       used 85105K, capacity 88142K, committed 88448K, reserved 1126400K
  class space    used 10805K, capacity 11575K, committed 11648K, reserved 1048576K
}
Event: 424.338 GC heap before
{Heap before GC invocations=29 (full 5):
 PSYoungGen      total 300544K, used 244224K [0x00000000e0000000, 0x00000000fb380000, 0x0000000100000000)
  eden space 244224K, 100% used [0x00000000e0000000,0x00000000eee80000,0x00000000eee80000)
  from space 56320K, 0% used [0x00000000eee80000,0x00000000eee80000,0x00000000f2580000)
  to   space 78336K, 0% used [0x00000000f6700000,0x00000000f6700000,0x00000000fb380000)
 ParOldGen       total 230912K, used 129518K [0x00000000a0000000, 0x00000000ae180000, 0x00000000e0000000)
  object space 230912K, 56% used [0x00000000a0000000,0x00000000a7e7ba90,0x00000000ae180000)
 Metaspace       used 85932K, capacity 89018K, committed 89344K, reserved 1126400K
  class space    used 10876K, capacity 11663K, committed 11776K, reserved 1048576K
Event: 424.504 GC heap after
Heap after GC invocations=29 (full 5):
 PSYoungGen      total 350208K, used 78305K [0x00000000e0000000, 0x00000000fe600000, 0x0000000100000000)
  eden space 271872K, 0% used [0x00000000e0000000,0x00000000e0000000,0x00000000f0980000)
  from space 78336K, 99% used [0x00000000f6700000,0x00000000fb3787d0,0x00000000fb380000)
  to   space 95744K, 0% used [0x00000000f0980000,0x00000000f0980000,0x00000000f6700000)
 ParOldGen       total 230912K, used 140232K [0x00000000a0000000, 0x00000000ae180000, 0x00000000e0000000)
  object space 230912K, 60% used [0x00000000a0000000,0x00000000a88f20a0,0x00000000ae180000)
 Metaspace       used 85932K, capacity 89018K, committed 89344K, reserved 1126400K
  class space    used 10876K, capacity 11663K, committed 11776K, reserved 1048576K
}
Event: 425.694 GC heap before
{Heap before GC invocations=30 (full 5):
 PSYoungGen      total 350208K, used 350177K [0x00000000e0000000, 0x00000000fe600000, 0x0000000100000000)
  eden space 271872K, 100% used [0x00000000e0000000,0x00000000f0980000,0x00000000f0980000)
  from space 78336K, 99% used [0x00000000f6700000,0x00000000fb3787d0,0x00000000fb380000)
  to   space 95744K, 0% used [0x00000000f0980000,0x00000000f0980000,0x00000000f6700000)
 ParOldGen       total 230912K, used 140232K [0x00000000a0000000, 0x00000000ae180000, 0x00000000e0000000)
  object space 230912K, 60% used [0x00000000a0000000,0x00000000a88f20a0,0x00000000ae180000)
 Metaspace       used 86060K, capacity 89194K, committed 89344K, reserved 1126400K
  class space    used 10888K, capacity 11671K, committed 11776K, reserved 1048576K
Event: 425.884 GC heap after
Heap after GC invocations=30 (full 5):
 PSYoungGen      total 367616K, used 82947K [0x00000000e0000000, 0x00000000fe600000, 0x0000000100000000)
  eden space 271872K, 0% used [0x00000000e0000000,0x00000000e0000000,0x00000000f0980000)
  from space 95744K, 86% used [0x00000000f0980000,0x00000000f5a80f60,0x00000000f6700000)
  to   space 78336K, 0% used [0x00000000f6700000,0x00000000f6700000,0x00000000fb380000)
 ParOldGen       total 230912K, used 191538K [0x00000000a0000000, 0x00000000ae180000, 0x00000000e0000000)
  object space 230912K, 82% used [0x00000000a0000000,0x00000000abb0c9f8,0x00000000ae180000)
 Metaspace       used 86060K, capacity 89194K, committed 89344K, reserved 1126400K
  class space    used 10888K, capacity 11671K, committed 11776K, reserved 1048576K
}
Event: 425.884 GC heap before
{Heap before GC invocations=31 (full 6):
 PSYoungGen      total 367616K, used 82947K [0x00000000e0000000, 0x00000000fe600000, 0x0000000100000000)
  eden space 271872K, 0% used [0x00000000e0000000,0x00000000e0000000,0x00000000f0980000)
  from space 95744K, 86% used [0x00000000f0980000,0x00000000f5a80f60,0x00000000f6700000)
  to   space 78336K, 0% used [0x00000000f6700000,0x00000000f6700000,0x00000000fb380000)
 ParOldGen       total 230912K, used 191538K [0x00000000a0000000, 0x00000000ae180000, 0x00000000e0000000)
  object space 230912K, 82% used [0x00000000a0000000,0x00000000abb0c9f8,0x00000000ae180000)
 Metaspace       used 86060K, capacity 89194K, committed 89344K, reserved 1126400K
  class space    used 10888K, capacity 11671K, committed 11776K, reserved 1048576K
Event: 426.832 GC heap after
Heap after GC invocations=31 (full 6):
 PSYoungGen      total 367616K, used 0K [0x00000000e0000000, 0x00000000fe600000, 0x0000000100000000)
  eden space 271872K, 0% used [0x00000000e0000000,0x00000000e0000000,0x00000000f0980000)
  from space 95744K, 0% used [0x00000000f0980000,0x00000000f0980000,0x00000000f6700000)
  to   space 78336K, 0% used [0x00000000f6700000,0x00000000f6700000,0x00000000fb380000)
 ParOldGen       total 230912K, used 211642K [0x00000000a0000000, 0x00000000ae180000, 0x00000000e0000000)
  object space 230912K, 91% used [0x00000000a0000000,0x00000000aceaeb58,0x00000000ae180000)
 Metaspace       used 86050K, capacity 89166K, committed 89344K, reserved 1126400K
  class space    used 10884K, capacity 11665K, committed 11776K, reserved 1048576K
}

