# JRE version: OpenJDK Runtime Environment (8.0_152-b06) (build 1.8.0_152-release-1136-b06)
# Java VM: OpenJDK 64-Bit Server VM (25.152-b06 mixed mode windows-amd64 compressed oops)
Heap:
 PSYoungGen      total 169472K, used 96588K [0x00000000e0000000, 0x00000000ed400000, 0x0000000100000000)
  eden space 150016K, 55% used [0x00000000e0000000,0x00000000e51ef5e8,0x00000000e9280000)
  from space 19456K, 65% used [0x00000000e9280000,0x00000000e9ee3d38,0x00000000ea580000)
  to   space 19968K, 0% used [0x00000000ec080000,0x00000000ec080000,0x00000000ed400000)
 ParOldGen       total 50688K, used 41333K [0x00000000a0000000, 0x00000000a3180000, 0x00000000e0000000)
  object space 50688K, 81% used [0x00000000a0000000,0x00000000a285d6b8,0x00000000a3180000)
 Metaspace       used 62119K, capacity 64086K, committed 64128K, reserved 1103872K
  class space    used 8311K, capacity 8822K, committed 8832K, reserved 1048576K
GC Heap History (10 events):
Event: 15.403 GC heap before
{Heap before GC invocations=14 (full 2):
 PSYoungGen      total 101888K, used 92672K [0x00000000e0000000, 0x00000000e9200000, 0x0000000100000000)
  eden space 92672K, 100% used [0x00000000e0000000,0x00000000e5a80000,0x00000000e5a80000)
  from space 9216K, 0% used [0x00000000e5a80000,0x00000000e5a80000,0x00000000e6380000)
  to   space 8704K, 0% used [0x00000000e8980000,0x00000000e8980000,0x00000000e9200000)
 ParOldGen       total 50688K, used 16447K [0x00000000a0000000, 0x00000000a3180000, 0x00000000e0000000)
  object space 50688K, 32% used [0x00000000a0000000,0x00000000a100fc08,0x00000000a3180000)
 Metaspace       used 40589K, capacity 41276K, committed 41600K, reserved 1085440K
  class space    used 5440K, capacity 5674K, committed 5760K, reserved 1048576K
Event: 15.421 GC heap after
Heap after GC invocations=14 (full 2):
 PSYoungGen      total 128512K, used 8688K [0x00000000e0000000, 0x00000000e9200000, 0x0000000100000000)
  eden space 119808K, 0% used [0x00000000e0000000,0x00000000e0000000,0x00000000e7500000)
  from space 8704K, 99% used [0x00000000e8980000,0x00000000e91fc280,0x00000000e9200000)
  to   space 10240K, 0% used [0x00000000e7e00000,0x00000000e7e00000,0x00000000e8800000)
 ParOldGen       total 50688K, used 18231K [0x00000000a0000000, 0x00000000a3180000, 0x00000000e0000000)
  object space 50688K, 35% used [0x00000000a0000000,0x00000000a11cdc20,0x00000000a3180000)
 Metaspace       used 40589K, capacity 41276K, committed 41600K, reserved 1085440K
  class space    used 5440K, capacity 5674K, committed 5760K, reserved 1048576K
}
Event: 17.430 GC heap before
{Heap before GC invocations=15 (full 2):
 PSYoungGen      total 128512K, used 128496K [0x00000000e0000000, 0x00000000e9200000, 0x0000000100000000)
  eden space 119808K, 100% used [0x00000000e0000000,0x00000000e7500000,0x00000000e7500000)
  from space 8704K, 99% used [0x00000000e8980000,0x00000000e91fc280,0x00000000e9200000)
  to   space 10240K, 0% used [0x00000000e7e00000,0x00000000e7e00000,0x00000000e8800000)
 ParOldGen       total 50688K, used 18231K [0x00000000a0000000, 0x00000000a3180000, 0x00000000e0000000)
  object space 50688K, 35% used [0x00000000a0000000,0x00000000a11cdc20,0x00000000a3180000)
 Metaspace       used 48795K, capacity 49826K, committed 49920K, reserved 1091584K
  class space    used 6527K, capacity 6832K, committed 6912K, reserved 1048576K
Event: 17.463 GC heap after
Heap after GC invocations=15 (full 2):
 PSYoungGen      total 139264K, used 10238K [0x00000000e0000000, 0x00000000eb400000, 0x0000000100000000)
  eden space 129024K, 0% used [0x00000000e0000000,0x00000000e0000000,0x00000000e7e00000)
  from space 10240K, 99% used [0x00000000e7e00000,0x00000000e87ffa30,0x00000000e8800000)
  to   space 14848K, 0% used [0x00000000ea580000,0x00000000ea580000,0x00000000eb400000)
 ParOldGen       total 50688K, used 26062K [0x00000000a0000000, 0x00000000a3180000, 0x00000000e0000000)
  object space 50688K, 51% used [0x00000000a0000000,0x00000000a1973838,0x00000000a3180000)
 Metaspace       used 48795K, capacity 49826K, committed 49920K, reserved 1091584K
  class space    used 6527K, capacity 6832K, committed 6912K, reserved 1048576K
}
Event: 27.359 GC heap before
{Heap before GC invocations=16 (full 2):
 PSYoungGen      total 139264K, used 138552K [0x00000000e0000000, 0x00000000eb400000, 0x0000000100000000)
  eden space 129024K, 99% used [0x00000000e0000000,0x00000000e7d4e7a0,0x00000000e7e00000)
  from space 10240K, 99% used [0x00000000e7e00000,0x00000000e87ffa30,0x00000000e8800000)
  to   space 14848K, 0% used [0x00000000ea580000,0x00000000ea580000,0x00000000eb400000)
 ParOldGen       total 50688K, used 26062K [0x00000000a0000000, 0x00000000a3180000, 0x00000000e0000000)
  object space 50688K, 51% used [0x00000000a0000000,0x00000000a1973838,0x00000000a3180000)
 Metaspace       used 57179K, capacity 58974K, committed 59008K, reserved 1099776K
  class space    used 7819K, capacity 8298K, committed 8320K, reserved 1048576K
Event: 27.497 GC heap after
Heap after GC invocations=16 (full 2):
 PSYoungGen      total 164864K, used 14841K [0x00000000e0000000, 0x00000000ec780000, 0x0000000100000000)
  eden space 150016K, 0% used [0x00000000e0000000,0x00000000e0000000,0x00000000e9280000)
  from space 14848K, 99% used [0x00000000ea580000,0x00000000eb3fe4b8,0x00000000eb400000)
  to   space 19456K, 0% used [0x00000000e9280000,0x00000000e9280000,0x00000000ea580000)
 ParOldGen       total 50688K, used 33382K [0x00000000a0000000, 0x00000000a3180000, 0x00000000e0000000)
  object space 50688K, 65% used [0x00000000a0000000,0x00000000a2099bc8,0x00000000a3180000)
 Metaspace       used 57179K, capacity 58974K, committed 59008K, reserved 1099776K
  class space    used 7819K, capacity 8298K, committed 8320K, reserved 1048576K
}
Event: 27.497 GC heap before
{Heap before GC invocations=17 (full 3):
 PSYoungGen      total 164864K, used 14841K [0x00000000e0000000, 0x00000000ec780000, 0x0000000100000000)
  eden space 150016K, 0% used [0x00000000e0000000,0x00000000e0000000,0x00000000e9280000)
  from space 14848K, 99% used [0x00000000ea580000,0x00000000eb3fe4b8,0x00000000eb400000)
  to   space 19456K, 0% used [0x00000000e9280000,0x00000000e9280000,0x00000000ea580000)
 ParOldGen       total 50688K, used 33382K [0x00000000a0000000, 0x00000000a3180000, 0x00000000e0000000)
  object space 50688K, 65% used [0x00000000a0000000,0x00000000a2099bc8,0x00000000a3180000)
 Metaspace       used 57179K, capacity 58974K, committed 59008K, reserved 1099776K
  class space    used 7819K, capacity 8298K, committed 8320K, reserved 1048576K
Event: 28.323 GC heap after
Heap after GC invocations=17 (full 3):
 PSYoungGen      total 164864K, used 0K [0x00000000e0000000, 0x00000000ec780000, 0x0000000100000000)
  eden space 150016K, 0% used [0x00000000e0000000,0x00000000e0000000,0x00000000e9280000)
  from space 14848K, 0% used [0x00000000ea580000,0x00000000ea580000,0x00000000eb400000)
  to   space 19456K, 0% used [0x00000000e9280000,0x00000000e9280000,0x00000000ea580000)
 ParOldGen       total 50688K, used 41325K [0x00000000a0000000, 0x00000000a3180000, 0x00000000e0000000)
  object space 50688K, 81% used [0x00000000a0000000,0x00000000a285b6b8,0x00000000a3180000)
 Metaspace       used 57179K, capacity 58974K, committed 59008K, reserved 1099776K
  class space    used 7819K, capacity 8298K, committed 8320K, reserved 1048576K
}
Event: 37.678 GC heap before
{Heap before GC invocations=18 (full 3):
 PSYoungGen      total 164864K, used 150016K [0x00000000e0000000, 0x00000000ec780000, 0x0000000100000000)
  eden space 150016K, 100% used [0x00000000e0000000,0x00000000e9280000,0x00000000e9280000)
  from space 14848K, 0% used [0x00000000ea580000,0x00000000ea580000,0x00000000eb400000)
  to   space 19456K, 0% used [0x00000000e9280000,0x00000000e9280000,0x00000000ea580000)
 ParOldGen       total 50688K, used 41325K [0x00000000a0000000, 0x00000000a3180000, 0x00000000e0000000)
  object space 50688K, 81% used [0x00000000a0000000,0x00000000a285b6b8,0x00000000a3180000)
 Metaspace       used 61589K, capacity 63536K, committed 63616K, reserved 1103872K
  class space    used 8276K, capacity 8789K, committed 8832K, reserved 1048576K
Event: 37.712 GC heap after
Heap after GC invocations=18 (full 3):
 PSYoungGen      total 169472K, used 12687K [0x00000000e0000000, 0x00000000ed400000, 0x0000000100000000)
  eden space 150016K, 0% used [0x00000000e0000000,0x00000000e0000000,0x00000000e9280000)
  from space 19456K, 65% used [0x00000000e9280000,0x00000000e9ee3d38,0x00000000ea580000)
  to   space 19968K, 0% used [0x00000000ec080000,0x00000000ec080000,0x00000000ed400000)
 ParOldGen       total 50688K, used 41333K [0x00000000a0000000, 0x00000000a3180000, 0x00000000e0000000)
  object space 50688K, 81% used [0x00000000a0000000,0x00000000a285d6b8,0x00000000a3180000)
 Metaspace       used 61589K, capacity 63536K, committed 63616K, reserved 1103872K
  class space    used 8276K, capacity 8789K, committed 8832K, reserved 1048576K
}

