# JRE version: OpenJDK Runtime Environment (8.0_152-b06) (build 1.8.0_152-release-1136-b06)
# Java VM: OpenJDK 64-Bit Server VM (25.152-b06 mixed mode windows-amd64 compressed oops)
Heap:
 PSYoungGen      total 328192K, used 282777K [0x00000000e0000000, 0x00000000fb880000, 0x0000000100000000)
  eden space 242688K, 99% used [0x00000000e0000000,0x00000000eececc88,0x00000000eed00000)
  from space 85504K, 46% used [0x00000000eed00000,0x00000000f1439b20,0x00000000f4080000)
  to   space 84480K, 0% used [0x00000000f6600000,0x00000000f6600000,0x00000000fb880000)
 ParOldGen       total 282112K, used 209665K [0x00000000a0000000, 0x00000000b1380000, 0x00000000e0000000)
  object space 282112K, 74% used [0x00000000a0000000,0x00000000accc0530,0x00000000b1380000)
 Metaspace       used 74032K, capacity 77343K, committed 77656K, reserved 1116160K
  class space    used 9901K, capacity 10729K, committed 10840K, reserved 1048576K
GC Heap History (10 events):
Event: 119.282 GC heap before
{Heap before GC invocations=26 (full 5):
 PSYoungGen      total 265216K, used 59889K [0x00000000e0000000, 0x00000000fa700000, 0x0000000100000000)
  eden space 205312K, 0% used [0x00000000e0000000,0x00000000e0000000,0x00000000ec880000)
  from space 59904K, 99% used [0x00000000ec880000,0x00000000f02fc7b0,0x00000000f0300000)
  to   space 81920K, 0% used [0x00000000f5700000,0x00000000f5700000,0x00000000fa700000)
 ParOldGen       total 181760K, used 167309K [0x00000000a0000000, 0x00000000ab180000, 0x00000000e0000000)
  object space 181760K, 92% used [0x00000000a0000000,0x00000000aa363408,0x00000000ab180000)
 Metaspace       used 69217K, capacity 72111K, committed 72280K, reserved 1112064K
  class space    used 9214K, capacity 9991K, committed 10072K, reserved 1048576K
Event: 120.081 GC heap after
Heap after GC invocations=26 (full 5):
 PSYoungGen      total 265216K, used 0K [0x00000000e0000000, 0x00000000fa700000, 0x0000000100000000)
  eden space 205312K, 0% used [0x00000000e0000000,0x00000000e0000000,0x00000000ec880000)
  from space 59904K, 0% used [0x00000000ec880000,0x00000000ec880000,0x00000000f0300000)
  to   space 81920K, 0% used [0x00000000f5700000,0x00000000f5700000,0x00000000fa700000)
 ParOldGen       total 282112K, used 164311K [0x00000000a0000000, 0x00000000b1380000, 0x00000000e0000000)
  object space 282112K, 58% used [0x00000000a0000000,0x00000000aa075c10,0x00000000b1380000)
 Metaspace       used 69209K, capacity 72093K, committed 72280K, reserved 1112064K
  class space    used 9211K, capacity 9986K, committed 10072K, reserved 1048576K
}
Event: 121.170 GC heap before
{Heap before GC invocations=27 (full 5):
 PSYoungGen      total 265216K, used 205312K [0x00000000e0000000, 0x00000000fa700000, 0x0000000100000000)
  eden space 205312K, 100% used [0x00000000e0000000,0x00000000ec880000,0x00000000ec880000)
  from space 59904K, 0% used [0x00000000ec880000,0x00000000ec880000,0x00000000f0300000)
  to   space 81920K, 0% used [0x00000000f5700000,0x00000000f5700000,0x00000000fa700000)
 ParOldGen       total 282112K, used 164311K [0x00000000a0000000, 0x00000000b1380000, 0x00000000e0000000)
  object space 282112K, 58% used [0x00000000a0000000,0x00000000aa075c10,0x00000000b1380000)
 Metaspace       used 69325K, capacity 72193K, committed 72280K, reserved 1112064K
  class space    used 9222K, capacity 9992K, committed 10072K, reserved 1048576K
Event: 121.302 GC heap after
Heap after GC invocations=27 (full 5):
 PSYoungGen      total 305152K, used 51490K [0x00000000e0000000, 0x00000000f9400000, 0x0000000100000000)
  eden space 242688K, 0% used [0x00000000e0000000,0x00000000e0000000,0x00000000eed00000)
  from space 62464K, 82% used [0x00000000f5700000,0x00000000f8948858,0x00000000f9400000)
  to   space 85504K, 0% used [0x00000000eed00000,0x00000000eed00000,0x00000000f4080000)
 ParOldGen       total 282112K, used 164319K [0x00000000a0000000, 0x00000000b1380000, 0x00000000e0000000)
  object space 282112K, 58% used [0x00000000a0000000,0x00000000aa077c10,0x00000000b1380000)
 Metaspace       used 69325K, capacity 72193K, committed 72280K, reserved 1112064K
  class space    used 9222K, capacity 9992K, committed 10072K, reserved 1048576K
}
Event: 123.560 GC heap before
{Heap before GC invocations=28 (full 5):
 PSYoungGen      total 305152K, used 294178K [0x00000000e0000000, 0x00000000f9400000, 0x0000000100000000)
  eden space 242688K, 100% used [0x00000000e0000000,0x00000000eed00000,0x00000000eed00000)
  from space 62464K, 82% used [0x00000000f5700000,0x00000000f8948858,0x00000000f9400000)
  to   space 85504K, 0% used [0x00000000eed00000,0x00000000eed00000,0x00000000f4080000)
 ParOldGen       total 282112K, used 164319K [0x00000000a0000000, 0x00000000b1380000, 0x00000000e0000000)
  object space 282112K, 58% used [0x00000000a0000000,0x00000000aa077c10,0x00000000b1380000)
 Metaspace       used 71943K, capacity 75115K, committed 75224K, reserved 1114112K
  class space    used 9602K, capacity 10405K, committed 10456K, reserved 1048576K
Event: 123.666 GC heap after
Heap after GC invocations=28 (full 5):
 PSYoungGen      total 328192K, used 50737K [0x00000000e0000000, 0x00000000fc080000, 0x0000000100000000)
  eden space 242688K, 0% used [0x00000000e0000000,0x00000000e0000000,0x00000000eed00000)
  from space 85504K, 59% used [0x00000000eed00000,0x00000000f1e8c550,0x00000000f4080000)
  to   space 87552K, 0% used [0x00000000f6b00000,0x00000000f6b00000,0x00000000fc080000)
 ParOldGen       total 282112K, used 164327K [0x00000000a0000000, 0x00000000b1380000, 0x00000000e0000000)
  object space 282112K, 58% used [0x00000000a0000000,0x00000000aa079c10,0x00000000b1380000)
 Metaspace       used 71943K, capacity 75115K, committed 75224K, reserved 1114112K
  class space    used 9602K, capacity 10405K, committed 10456K, reserved 1048576K
}
Event: 123.815 GC heap before
{Heap before GC invocations=29 (full 5):
 PSYoungGen      total 328192K, used 293425K [0x00000000e0000000, 0x00000000fc080000, 0x0000000100000000)
  eden space 242688K, 100% used [0x00000000e0000000,0x00000000eed00000,0x00000000eed00000)
  from space 85504K, 59% used [0x00000000eed00000,0x00000000f1e8c550,0x00000000f4080000)
  to   space 87552K, 0% used [0x00000000f6b00000,0x00000000f6b00000,0x00000000fc080000)
 ParOldGen       total 282112K, used 164327K [0x00000000a0000000, 0x00000000b1380000, 0x00000000e0000000)
  object space 282112K, 58% used [0x00000000a0000000,0x00000000aa079c10,0x00000000b1380000)
 Metaspace       used 71943K, capacity 75115K, committed 75224K, reserved 1114112K
  class space    used 9602K, capacity 10405K, committed 10456K, reserved 1048576K
Event: 123.886 GC heap after
Heap after GC invocations=29 (full 5):
 PSYoungGen      total 330240K, used 47435K [0x00000000e0000000, 0x00000000fc080000, 0x0000000100000000)
  eden space 242688K, 0% used [0x00000000e0000000,0x00000000e0000000,0x00000000eed00000)
  from space 87552K, 54% used [0x00000000f6b00000,0x00000000f9952d50,0x00000000fc080000)
  to   space 85504K, 0% used [0x00000000eed00000,0x00000000eed00000,0x00000000f4080000)
 ParOldGen       total 282112K, used 164327K [0x00000000a0000000, 0x00000000b1380000, 0x00000000e0000000)
  object space 282112K, 58% used [0x00000000a0000000,0x00000000aa079c10,0x00000000b1380000)
 Metaspace       used 71943K, capacity 75115K, committed 75224K, reserved 1114112K
  class space    used 9602K, capacity 10405K, committed 10456K, reserved 1048576K
}
Event: 125.658 GC heap before
{Heap before GC invocations=30 (full 5):
 PSYoungGen      total 330240K, used 290123K [0x00000000e0000000, 0x00000000fc080000, 0x0000000100000000)
  eden space 242688K, 100% used [0x00000000e0000000,0x00000000eed00000,0x00000000eed00000)
  from space 87552K, 54% used [0x00000000f6b00000,0x00000000f9952d50,0x00000000fc080000)
  to   space 85504K, 0% used [0x00000000eed00000,0x00000000eed00000,0x00000000f4080000)
 ParOldGen       total 282112K, used 164327K [0x00000000a0000000, 0x00000000b1380000, 0x00000000e0000000)
  object space 282112K, 58% used [0x00000000a0000000,0x00000000aa079c10,0x00000000b1380000)
 Metaspace       used 72500K, capacity 75717K, committed 75864K, reserved 1114112K
  class space    used 9672K, capacity 10490K, committed 10584K, reserved 1048576K
Event: 125.760 GC heap after
Heap after GC invocations=30 (full 5):
 PSYoungGen      total 328192K, used 40166K [0x00000000e0000000, 0x00000000fb880000, 0x0000000100000000)
  eden space 242688K, 0% used [0x00000000e0000000,0x00000000e0000000,0x00000000eed00000)
  from space 85504K, 46% used [0x00000000eed00000,0x00000000f1439b20,0x00000000f4080000)
  to   space 84480K, 0% used [0x00000000f6600000,0x00000000f6600000,0x00000000fb880000)
 ParOldGen       total 282112K, used 209665K [0x00000000a0000000, 0x00000000b1380000, 0x00000000e0000000)
  object space 282112K, 74% used [0x00000000a0000000,0x00000000accc0530,0x00000000b1380000)
 Metaspace       used 72500K, capacity 75717K, committed 75864K, reserved 1114112K
  class space    used 9672K, capacity 10490K, committed 10584K, reserved 1048576K
}

