# JRE version: OpenJDK Runtime Environment (8.0_152-b06) (build 1.8.0_152-release-1136-b06)
# Java VM: OpenJDK 64-Bit Server VM (25.152-b06 mixed mode windows-amd64 compressed oops)
Heap:
 PSYoungGen      total 381440K, used 17106K [0x00000000e0000000, 0x0000000100000000, 0x0000000100000000)
  eden space 238592K, 7% used [0x00000000e0000000,0x00000000e10b48c8,0x00000000ee900000)
  from space 142848K, 0% used [0x00000000ee900000,0x00000000ee900000,0x00000000f7480000)
  to   space 142848K, 0% used [0x00000000f7480000,0x00000000f7480000,0x0000000100000000)
 ParOldGen       total 237056K, used 224568K [0x00000000a0000000, 0x00000000ae780000, 0x00000000e0000000)
  object space 237056K, 94% used [0x00000000a0000000,0x00000000adb4e268,0x00000000ae780000)
 Metaspace       used 113756K, capacity 120098K, committed 120704K, reserved 1155072K
  class space    used 14201K, capacity 15615K, committed 15744K, reserved 1048576K
GC Heap History (10 events):
Event: 2585.447 GC heap before
{Heap before GC invocations=48 (full 5):
 PSYoungGen      total 420864K, used 325157K [0x00000000e0000000, 0x0000000100000000, 0x0000000100000000)
  eden space 318464K, 100% used [0x00000000e0000000,0x00000000f3700000,0x00000000f3700000)
  from space 102400K, 6% used [0x00000000f9c00000,0x00000000fa289468,0x0000000100000000)
  to   space 102912K, 0% used [0x00000000f3700000,0x00000000f3700000,0x00000000f9b80000)
 ParOldGen       total 208896K, used 110923K [0x00000000a0000000, 0x00000000acc00000, 0x00000000e0000000)
  object space 208896K, 53% used [0x00000000a0000000,0x00000000a6c52c58,0x00000000acc00000)
 Metaspace       used 113630K, capacity 119966K, committed 120448K, reserved 1155072K
  class space    used 14201K, capacity 15615K, committed 15744K, reserved 1048576K
Event: 2585.688 GC heap after
Heap after GC invocations=48 (full 5):
 PSYoungGen      total 391168K, used 72325K [0x00000000e0000000, 0x0000000100000000, 0x0000000100000000)
  eden space 318464K, 0% used [0x00000000e0000000,0x00000000e0000000,0x00000000f3700000)
  from space 72704K, 99% used [0x00000000f3700000,0x00000000f7da14f0,0x00000000f7e00000)
  to   space 108544K, 0% used [0x00000000f9600000,0x00000000f9600000,0x0000000100000000)
 ParOldGen       total 208896K, used 110931K [0x00000000a0000000, 0x00000000acc00000, 0x00000000e0000000)
  object space 208896K, 53% used [0x00000000a0000000,0x00000000a6c54c58,0x00000000acc00000)
 Metaspace       used 113630K, capacity 119966K, committed 120448K, reserved 1155072K
  class space    used 14201K, capacity 15615K, committed 15744K, reserved 1048576K
}
Event: 2588.831 GC heap before
{Heap before GC invocations=49 (full 5):
 PSYoungGen      total 391168K, used 390789K [0x00000000e0000000, 0x0000000100000000, 0x0000000100000000)
  eden space 318464K, 100% used [0x00000000e0000000,0x00000000f3700000,0x00000000f3700000)
  from space 72704K, 99% used [0x00000000f3700000,0x00000000f7da14f0,0x00000000f7e00000)
  to   space 108544K, 0% used [0x00000000f9600000,0x00000000f9600000,0x0000000100000000)
 ParOldGen       total 208896K, used 110931K [0x00000000a0000000, 0x00000000acc00000, 0x00000000e0000000)
  object space 208896K, 53% used [0x00000000a0000000,0x00000000a6c54c58,0x00000000acc00000)
 Metaspace       used 113727K, capacity 120098K, committed 120704K, reserved 1155072K
  class space    used 14201K, capacity 15615K, committed 15744K, reserved 1048576K
Event: 2589.031 GC heap after
Heap after GC invocations=49 (full 5):
 PSYoungGen      total 347136K, used 108539K [0x00000000e0000000, 0x0000000100000000, 0x0000000100000000)
  eden space 238592K, 0% used [0x00000000e0000000,0x00000000e0000000,0x00000000ee900000)
  from space 108544K, 99% used [0x00000000f9600000,0x00000000ffffed50,0x0000000100000000)
  to   space 142848K, 0% used [0x00000000ee900000,0x00000000ee900000,0x00000000f7480000)
 ParOldGen       total 208896K, used 156839K [0x00000000a0000000, 0x00000000acc00000, 0x00000000e0000000)
  object space 208896K, 75% used [0x00000000a0000000,0x00000000a9929da0,0x00000000acc00000)
 Metaspace       used 113727K, capacity 120098K, committed 120704K, reserved 1155072K
  class space    used 14201K, capacity 15615K, committed 15744K, reserved 1048576K
}
Event: 2590.072 GC heap before
{Heap before GC invocations=50 (full 5):
 PSYoungGen      total 347136K, used 339249K [0x00000000e0000000, 0x0000000100000000, 0x0000000100000000)
  eden space 238592K, 96% used [0x00000000e0000000,0x00000000ee14d818,0x00000000ee900000)
  from space 108544K, 99% used [0x00000000f9600000,0x00000000ffffed50,0x0000000100000000)
  to   space 142848K, 0% used [0x00000000ee900000,0x00000000ee900000,0x00000000f7480000)
 ParOldGen       total 208896K, used 156839K [0x00000000a0000000, 0x00000000acc00000, 0x00000000e0000000)
  object space 208896K, 75% used [0x00000000a0000000,0x00000000a9929da0,0x00000000acc00000)
 Metaspace       used 113752K, capacity 120098K, committed 120704K, reserved 1155072K
  class space    used 14201K, capacity 15615K, committed 15744K, reserved 1048576K
Event: 2590.333 GC heap after
Heap after GC invocations=50 (full 5):
 PSYoungGen      total 381440K, used 142828K [0x00000000e0000000, 0x0000000100000000, 0x0000000100000000)
  eden space 238592K, 0% used [0x00000000e0000000,0x00000000e0000000,0x00000000ee900000)
  from space 142848K, 99% used [0x00000000ee900000,0x00000000f747b368,0x00000000f7480000)
  to   space 142848K, 0% used [0x00000000f7480000,0x00000000f7480000,0x0000000100000000)
 ParOldGen       total 208896K, used 169646K [0x00000000a0000000, 0x00000000acc00000, 0x00000000e0000000)
  object space 208896K, 81% used [0x00000000a0000000,0x00000000aa5ab978,0x00000000acc00000)
 Metaspace       used 113752K, capacity 120098K, committed 120704K, reserved 1155072K
  class space    used 14201K, capacity 15615K, committed 15744K, reserved 1048576K
}
Event: 2591.204 GC heap before
{Heap before GC invocations=51 (full 5):
 PSYoungGen      total 381440K, used 381374K [0x00000000e0000000, 0x0000000100000000, 0x0000000100000000)
  eden space 238592K, 99% used [0x00000000e0000000,0x00000000ee8f44c8,0x00000000ee900000)
  from space 142848K, 99% used [0x00000000ee900000,0x00000000f747b368,0x00000000f7480000)
  to   space 142848K, 0% used [0x00000000f7480000,0x00000000f7480000,0x0000000100000000)
 ParOldGen       total 208896K, used 169646K [0x00000000a0000000, 0x00000000acc00000, 0x00000000e0000000)
  object space 208896K, 81% used [0x00000000a0000000,0x00000000aa5ab978,0x00000000acc00000)
 Metaspace       used 113756K, capacity 120098K, committed 120704K, reserved 1155072K
  class space    used 14201K, capacity 15615K, committed 15744K, reserved 1048576K
Event: 2592.114 GC heap after
Heap after GC invocations=51 (full 5):
 PSYoungGen      total 381440K, used 381374K [0x00000000e0000000, 0x0000000100000000, 0x0000000100000000)
  eden space 238592K, 99% used [0x00000000e0000000,0x00000000ee8f44c8,0x00000000ee900000)
  from space 142848K, 99% used [0x00000000ee900000,0x00000000f747b368,0x00000000f7480000)
  to   space 142848K, 97% used [0x00000000f7480000,0x00000000ffd13ab8,0x0000000100000000)
 ParOldGen       total 237056K, used 237050K [0x00000000a0000000, 0x00000000ae780000, 0x00000000e0000000)
  object space 237056K, 99% used [0x00000000a0000000,0x00000000ae77eaa0,0x00000000ae780000)
 Metaspace       used 113756K, capacity 120098K, committed 120704K, reserved 1155072K
  class space    used 14201K, capacity 15615K, committed 15744K, reserved 1048576K
}
Event: 2592.114 GC heap before
{Heap before GC invocations=52 (full 6):
 PSYoungGen      total 381440K, used 381374K [0x00000000e0000000, 0x0000000100000000, 0x0000000100000000)
  eden space 238592K, 99% used [0x00000000e0000000,0x00000000ee8f44c8,0x00000000ee900000)
  from space 142848K, 99% used [0x00000000ee900000,0x00000000f747b368,0x00000000f7480000)
  to   space 142848K, 97% used [0x00000000f7480000,0x00000000ffd13ab8,0x0000000100000000)
 ParOldGen       total 237056K, used 237050K [0x00000000a0000000, 0x00000000ae780000, 0x00000000e0000000)
  object space 237056K, 99% used [0x00000000a0000000,0x00000000ae77eaa0,0x00000000ae780000)
 Metaspace       used 113756K, capacity 120098K, committed 120704K, reserved 1155072K
  class space    used 14201K, capacity 15615K, committed 15744K, reserved 1048576K
Event: 2593.153 GC heap after
Heap after GC invocations=52 (full 6):
 PSYoungGen      total 381440K, used 0K [0x00000000e0000000, 0x0000000100000000, 0x0000000100000000)
  eden space 238592K, 0% used [0x00000000e0000000,0x00000000e0000000,0x00000000ee900000)
  from space 142848K, 0% used [0x00000000ee900000,0x00000000ee900000,0x00000000f7480000)
  to   space 142848K, 0% used [0x00000000f7480000,0x00000000f7480000,0x0000000100000000)
 ParOldGen       total 237056K, used 224568K [0x00000000a0000000, 0x00000000ae780000, 0x00000000e0000000)
  object space 237056K, 94% used [0x00000000a0000000,0x00000000adb4e268,0x00000000ae780000)
 Metaspace       used 113756K, capacity 120098K, committed 120704K, reserved 1155072K
  class space    used 14201K, capacity 15615K, committed 15744K, reserved 1048576K
}

